<?xml version="1.0" encoding="UTF-8"?>
<testsuite xmlns:xsi="http://www.w3.org/2001/XMLSchema-instance" xsi:noNamespaceSchemaLocation="https://maven.apache.org/surefire/maven-surefire-plugin/xsd/surefire-test-report-3.0.xsd" version="3.0" name="mk.musiclibraryweb.SongTest" time="0.167" tests="56" errors="0" skipped="0" failures="0">
  <properties>
[...]
</properties>
  <testcase name="testSetAuthorSurnameNullEmptyBlank(String)[1]" classname="mk.musiclibraryweb.SongTest" time="0.002"/>
  <testcase name="testSetAuthorSurnameNullEmptyBlank(String)[2]" classname="mk.musiclibraryweb.SongTest" time="0.002"/>
  <testcase name="testSetAuthorSurnameNullEmptyBlank(String)[3]" classname="mk.musiclibraryweb.SongTest" time="0.006"/>
  <testcase name="testSetAuthorSurnameNullEmptyBlank(String)[4]" classname="mk.musiclibraryweb.SongTest" time="0.001"/>
  <testcase name="testSetAuthorSurnameNullEmptyBlank(String)[5]" classname="mk.musiclibraryweb.SongTest" time="0.002"/>
  <testcase name="testSetAuthorSurnameProperlyValues(String)[1]" classname="mk.musiclibraryweb.SongTest" time="0.001"/>
  <testcase name="testSetAuthorSurnameProperlyValues(String)[2]" classname="mk.musiclibraryweb.SongTest" time="0.001"/>
  <testcase name="testSetAuthorNameNullEmptyBlank(String)[1]" classname="mk.musiclibraryweb.SongTest" time="0.001"/>
  <testcase name="testSetAuthorNameNullEmptyBlank(String)[2]" classname="mk.musiclibraryweb.SongTest" time="0.001"/>
  <testcase name="testSetAuthorNameNullEmptyBlank(String)[3]" classname="mk.musiclibraryweb.SongTest" time="0.002"/>
  <testcase name="testSetAuthorNameNullEmptyBlank(String)[4]" classname="mk.musiclibraryweb.SongTest" time="0.004"/>
  <testcase name="testSetAuthorNameNullEmptyBlank(String)[5]" classname="mk.musiclibraryweb.SongTest" time="0.002"/>
  <testcase name="testSetAuthorNameProperlyValues(String)[1]" classname="mk.musiclibraryweb.SongTest" time="0.001"/>
  <testcase name="testSetAuthorNameProperlyValues(String)[2]" classname="mk.musiclibraryweb.SongTest" time="0.004"/>
  <testcase name="testSetSongTimeNullEmptyBlank(String)[1]" classname="mk.musiclibraryweb.SongTest" time="0.001"/>
  <testcase name="testSetSongTimeNullEmptyBlank(String)[2]" classname="mk.musiclibraryweb.SongTest" time="0.001"/>
  <testcase name="testSetSongTimeNullEmptyBlank(String)[3]" classname="mk.musiclibraryweb.SongTest" time="0.002"/>
  <testcase name="testSetSongTimeNullEmptyBlank(String)[4]" classname="mk.musiclibraryweb.SongTest" time="0.001"/>
  <testcase name="testSetSongTimeNullEmptyBlank(String)[5]" classname="mk.musiclibraryweb.SongTest" time="0.001"/>
  <testcase name="testSetSongTimeProperlyValues(String)[1]" classname="mk.musiclibraryweb.SongTest" time="0.002"/>
  <testcase name="testSetSongTimeProperlyValues(String)[2]" classname="mk.musiclibraryweb.SongTest" time="0.001"/>
  <testcase name="testSetSongReleaseNullEmptyBlank(String)[1]" classname="mk.musiclibraryweb.SongTest" time="0.002"/>
  <testcase name="testSetSongReleaseNullEmptyBlank(String)[2]" classname="mk.musiclibraryweb.SongTest" time="0.001"/>
  <testcase name="testSetSongReleaseNullEmptyBlank(String)[3]" classname="mk.musiclibraryweb.SongTest" time="0.001"/>
  <testcase name="testSetSongReleaseNullEmptyBlank(String)[4]" classname="mk.musiclibraryweb.SongTest" time="0.001"/>
  <testcase name="testSetSongReleaseNullEmptyBlank(String)[5]" classname="mk.musiclibraryweb.SongTest" time="0.001"/>
  <testcase name="testSetSongReleaseProperlyValues(String)[1]" classname="mk.musiclibraryweb.SongTest" time="0.002"/>
  <testcase name="testSetSongReleaseProperlyValues(String)[2]" classname="mk.musiclibraryweb.SongTest" time="0.001"/>
  <testcase name="testSongNotNull(Song)[1]" classname="mk.musiclibraryweb.SongTest" time="0.001"/>
  <testcase name="testSongNotNull(Song)[2]" classname="mk.musiclibraryweb.SongTest" time="0.001"/>
  <testcase name="testSongNotNull(Song)[3]" classname="mk.musiclibraryweb.SongTest" time="0.001"/>
  <testcase name="testSongNotNull(Song)[4]" classname="mk.musiclibraryweb.SongTest" time="0.001"/>
  <testcase name="testSetSongTitleNullEmptyBlank(String)[1]" classname="mk.musiclibraryweb.SongTest" time="0.001"/>
  <testcase name="testSetSongTitleNullEmptyBlank(String)[2]" classname="mk.musiclibraryweb.SongTest" time="0.001"/>
  <testcase name="testSetSongTitleNullEmptyBlank(String)[3]" classname="mk.musiclibraryweb.SongTest" time="0.001"/>
  <testcase name="testSetSongTitleNullEmptyBlank(String)[4]" classname="mk.musiclibraryweb.SongTest" time="0.001"/>
  <testcase name="testSetSongTitleNullEmptyBlank(String)[5]" classname="mk.musiclibraryweb.SongTest" time="0.001"/>
  <testcase name="testSetSongTitleProperlyValues(String)[1]" classname="mk.musiclibraryweb.SongTest" time="0.001"/>
  <testcase name="testSetSongTitleProperlyValues(String)[2]" classname="mk.musiclibraryweb.SongTest" time="0.001"/>
  <testcase name="testSetSongTimeNotProperlyValues(String)[1]" classname="mk.musiclibraryweb.SongTest" time="0.001"/>
  <testcase name="testSetSongTimeNotProperlyValues(String)[2]" classname="mk.musiclibraryweb.SongTest" time="0.001"/>
  <testcase name="testSetSongTimeNotProperlyValues(String)[3]" classname="mk.musiclibraryweb.SongTest" time="0.001"/>
  <testcase name="testSetSongTimeNotProperlyValues(String)[4]" classname="mk.musiclibraryweb.SongTest" time="0.005"/>
  <testcase name="testSetSongAlbumNullEmptyBlank(String)[1]" classname="mk.musiclibraryweb.SongTest" time="0.001"/>
  <testcase name="testSetSongAlbumNullEmptyBlank(String)[2]" classname="mk.musiclibraryweb.SongTest" time="0.001"/>
  <testcase name="testSetSongAlbumNullEmptyBlank(String)[3]" classname="mk.musiclibraryweb.SongTest" time="0.001"/>
  <testcase name="testSetSongAlbumNullEmptyBlank(String)[4]" classname="mk.musiclibraryweb.SongTest" time="0.001"/>
  <testcase name="testSetSongAlbumNullEmptyBlank(String)[5]" classname="mk.musiclibraryweb.SongTest" time="0.001"/>
  <testcase name="testSetSongAlbumProperlyValues(String)[1]" classname="mk.musiclibraryweb.SongTest" time="0.001"/>
  <testcase name="testSetSongAlbumProperlyValues(String)[2]" classname="mk.musiclibraryweb.SongTest" time="0.001"/>
  <testcase name="testSetSongReleaseNotProperlyValues(String)[1]" classname="mk.musiclibraryweb.SongTest" time="0.001"/>
  <testcase name="testSetSongReleaseNotProperlyValues(String)[2]" classname="mk.musiclibraryweb.SongTest" time="0.001"/>
  <testcase name="testSetSongReleaseNotProperlyValues(String)[3]" classname="mk.musiclibraryweb.SongTest" time="0.001"/>
  <testcase name="testSetSongReleaseNotProperlyValues(String)[4]" classname="mk.musiclibraryweb.SongTest" time="0.001"/>
  <testcase name="testSongUpdate(Song, Song, Song)[1]" classname="mk.musiclibraryweb.SongTest" time="0.002"/>
  <testcase name="testSongUpdate(Song, Song, Song)[2]" classname="mk.musiclibraryweb.SongTest" time="0.001"/>
</testsuite>