<?xml version="1.0" encoding="UTF-8"?>
<testsuite xmlns:xsi="http://www.w3.org/2001/XMLSchema-instance" xsi:noNamespaceSchemaLocation="https://maven.apache.org/surefire/maven-surefire-plugin/xsd/surefire-test-report-3.0.xsd" version="3.0" name="mk.musiclibrarygui.SongListTest" time="0.193" tests="23" errors="0" skipped="0" failures="0">
  <properties>
[...]
</properties>
  <testcase name="testAddSongNullEmptyBlank(String)[1]" classname="mk.musiclibrarygui.SongListTest" time="0.042"/>
  <testcase name="testAddSongNullEmptyBlank(String)[2]" classname="mk.musiclibrarygui.SongListTest" time="0.001"/>
  <testcase name="testAddSongNullEmptyBlank(String)[3]" classname="mk.musiclibrarygui.SongListTest" time="0.001"/>
  <testcase name="testAddSongNullEmptyBlank(String)[4]" classname="mk.musiclibrarygui.SongListTest" time="0.001"/>
  <testcase name="testAddSongNullEmptyBlank(String)[5]" classname="mk.musiclibrarygui.SongListTest" time="0.002"/>
  <testcase name="testAddSongProperlyValues(String, String, String, String, String, String)[1]" classname="mk.musiclibrarygui.SongListTest" time="0.006"/>
  <testcase name="testAddSongProperlyValues(String, String, String, String, String, String)[2]" classname="mk.musiclibrarygui.SongListTest" time="0.0"/>
  <testcase name="testAddSongProperlyValues(String, String, String, String, String, String)[3]" classname="mk.musiclibrarygui.SongListTest" time="0.001"/>
  <testcase name="testSongListNotNull(SongList)[1]" classname="mk.musiclibrarygui.SongListTest" time="0.001"/>
  <testcase name="testSongListNotNull(SongList)[2]" classname="mk.musiclibrarygui.SongListTest" time="0.002"/>
  <testcase name="testSongListNotNull(SongList)[3]" classname="mk.musiclibrarygui.SongListTest" time="0.002"/>
  <testcase name="testDeleteOneByIndexProperlyValues(int)[1]" classname="mk.musiclibrarygui.SongListTest" time="0.004"/>
  <testcase name="testDeleteOneByIndexProperlyValues(int)[2]" classname="mk.musiclibrarygui.SongListTest" time="0.001"/>
  <testcase name="testDeleteOneByIndexProperlyValues(int)[3]" classname="mk.musiclibrarygui.SongListTest" time="0.002"/>
  <testcase name="testCompareSongTitlesProperlyValues(String)[1]" classname="mk.musiclibrarygui.SongListTest" time="0.001"/>
  <testcase name="testCompareSongTitlesProperlyValues(String)[2]" classname="mk.musiclibrarygui.SongListTest" time="0.0"/>
  <testcase name="testDeleteOneByIndexNotProperlyValues(int)[1]" classname="mk.musiclibrarygui.SongListTest" time="0.002"/>
  <testcase name="testDeleteOneByIndexNotProperlyValues(int)[2]" classname="mk.musiclibrarygui.SongListTest" time="0.002"/>
  <testcase name="testAddSongNotProperlyValues(String, String, String, String, String, String)[1]" classname="mk.musiclibrarygui.SongListTest" time="0.001"/>
  <testcase name="testAddSongNotProperlyValues(String, String, String, String, String, String)[2]" classname="mk.musiclibrarygui.SongListTest" time="0.0"/>
  <testcase name="testAddSongNotProperlyValues(String, String, String, String, String, String)[3]" classname="mk.musiclibrarygui.SongListTest" time="0.001"/>
  <testcase name="testCompareSongTitlesNotProperlyValues(String)[1]" classname="mk.musiclibrarygui.SongListTest" time="0.001"/>
  <testcase name="testCompareSongTitlesNotProperlyValues(String)[2]" classname="mk.musiclibrarygui.SongListTest" time="0.0"/>
</testsuite>